<?xml version="1.0" encoding="UTF-8"?>
<testng-results ignored="0" total="1" passed="1" failed="0" skipped="0">
  <reporter-output>
  </reporter-output>
  <suite started-at="2025-03-17T23:51:37 IST" name="Default suite" finished-at="2025-03-17T23:51:37 IST" duration-ms="856">
    <groups>
    </groups>
    <test started-at="2025-03-17T23:51:37 IST" name="Default test" finished-at="2025-03-17T23:51:37 IST" duration-ms="856">
      <class name="Utitlities.readExcelDataToMap">
        <test-method signature="geekforgeeks()[pri:0, instance:Utitlities.readExcelDataToMap@53fd0d10]" started-at="2025-03-17T23:51:37 IST" name="geekforgeeks" finished-at="2025-03-17T23:51:37 IST" duration-ms="794" status="PASS">
          <reporter-output>
          </reporter-output>
        </test-method> <!-- geekforgeeks -->
      </class> <!-- Utitlities.readExcelDataToMap -->
    </test> <!-- Default test -->
  </suite> <!-- Default suite -->
</testng-results>
