<?xml version="1.0" encoding="UTF-8"?>
<testng-results ignored="0" total="2" passed="2" failed="0" skipped="0">
  <reporter-output>
  </reporter-output>
  <suite started-at="2025-03-14T21:14:41 IST" name="Default suite" finished-at="2025-03-14T21:14:41 IST" duration-ms="84">
    <groups>
    </groups>
    <test started-at="2025-03-14T21:14:41 IST" name="Default test" finished-at="2025-03-14T21:14:41 IST" duration-ms="84">
      <class name="TestScripts.DataProvider">
        <test-method signature="myTest(java.lang.String)[pri:0, instance:TestScripts.DataProvider@6e4566f1]" started-at="2025-03-14T21:14:41 IST" name="myTest" data-provider="data-provider" finished-at="2025-03-14T21:14:41 IST" duration-ms="10" status="PASS">
          <params>
            <param index="0">
              <value>
                <![CDATA[Praveen]]>
              </value>
            </param>
          </params>
          <reporter-output>
          </reporter-output>
        </test-method> <!-- myTest -->
        <test-method signature="myTest(java.lang.String)[pri:0, instance:TestScripts.DataProvider@6e4566f1]" started-at="2025-03-14T21:14:41 IST" name="myTest" data-provider="data-provider" finished-at="2025-03-14T21:14:41 IST" duration-ms="7" status="PASS">
          <params>
            <param index="0">
              <value>
                <![CDATA[Hello@123]]>
              </value>
            </param>
          </params>
          <reporter-output>
          </reporter-output>
        </test-method> <!-- myTest -->
      </class> <!-- TestScripts.DataProvider -->
    </test> <!-- Default test -->
  </suite> <!-- Default suite -->
</testng-results>
