<?xml version="1.0" encoding="UTF-8"?>
<!-- Generated by org.testng.reporters.JUnitXMLReporter -->
<testsuite ignored="1" hostname="Mandas-Air.bbrouter" failures="0" tests="11" name="Release1_Aug04" time="0.026" errors="0" timestamp="2025-01-11T12:11:10 IST">
  <testcase classname="TestScripts.exampleTestNGEnabled" name="TestCase2" time="0.003"/>
  <testcase classname="TestScripts.exampleTestNGEnabled" name="TestCase3" time="0.001"/>
  <testcase classname="TestScripts.exampleTestNGEnabled" name="TestCase3" time="0.001"/>
  <testcase classname="TestScripts.exampleTestNGEnabled" name="TestCase3" time="0.001"/>
  <testcase classname="TestScripts.exampleTestNGEnabled" name="TestCase3" time="0.0"/>
  <testcase classname="TestScripts.exampleTestNGEnabled" name="TestCase3" time="0.0"/>
  <testcase classname="TestScripts.exampleTestNGEnabled" name="TestCase3" time="0.0"/>
  <testcase classname="TestScripts.exampleTestNGEnabled" name="TestCase3" time="0.0"/>
  <testcase classname="TestScripts.exampleTestNGEnabled" name="TestCase3" time="0.001"/>
  <testcase classname="TestScripts.exampleTestNGEnabled" name="TestCase3" time="0.0"/>
  <testcase classname="TestScripts.exampleTestNGEnabled" name="TestCase3" time="0.0"/>
  <testcase classname="TestScripts.exampleTestNGEnabled" name="TestCase1" time="0.0">
    <ignored/>
  </testcase> <!-- TestCase1 -->
</testsuite> <!-- Release1_Aug04 -->
